2025-01-18 09:29:05 [main] INFO  c.a.a.AdvanceSpringbootFeaturesAzApplication - Starting AdvanceSpringbootFeaturesAzApplication using Java 17.0.8.1 on ARUPKHANRA with PID 26780 (D:\DelyCodeBuffer\advanceSpringBootAZ\advanceSpringbootFeaturesAZ\advanceSpringbootFeaturesAZ\target\classes started by arupk in D:\DelyCodeBuffer\advanceSpringBootAZ\advanceSpringbootFeaturesAZ\advanceSpringbootFeaturesAZ)
2025-01-18 09:29:05 [main] INFO  c.a.a.AdvanceSpringbootFeaturesAzApplication - The following 1 profile is active: "dev"
2025-01-18 09:29:07 [main] INFO  o.s.d.r.c.RepositoryConfigurationDelegate - Multiple Spring Data modules found, entering strict repository configuration mode
2025-01-18 09:29:07 [main] INFO  o.s.d.r.c.RepositoryConfigurationDelegate - Bootstrapping Spring Data JPA repositories in DEFAULT mode.
2025-01-18 09:29:07 [main] INFO  o.s.d.r.c.RepositoryConfigurationDelegate - Finished Spring Data repository scanning in 297 ms. Found 2 JPA repository interfaces.
2025-01-18 09:29:07 [main] INFO  o.s.d.r.c.RepositoryConfigurationDelegate - Multiple Spring Data modules found, entering strict repository configuration mode
2025-01-18 09:29:07 [main] INFO  o.s.d.r.c.RepositoryConfigurationDelegate - Bootstrapping Spring Data Redis repositories in DEFAULT mode.
2025-01-18 09:29:07 [main] INFO  o.s.d.r.c.RepositoryConfigurationExtensionSupport - Spring Data Redis - Could not safely identify store assignment for repository candidate interface com.arupkhanra.advanceSpringbootFeaturesAZ.repository.JournalEntryRepository; If you want this repository to be a Redis repository, consider annotating your entities with one of these annotations: org.springframework.data.redis.core.RedisHash (preferred), or consider extending one of the following types with your repository: org.springframework.data.keyvalue.repository.KeyValueRepository
2025-01-18 09:29:07 [main] INFO  o.s.d.r.c.RepositoryConfigurationExtensionSupport - Spring Data Redis - Could not safely identify store assignment for repository candidate interface com.arupkhanra.advanceSpringbootFeaturesAZ.repository.UserRepository; If you want this repository to be a Redis repository, consider annotating your entities with one of these annotations: org.springframework.data.redis.core.RedisHash (preferred), or consider extending one of the following types with your repository: org.springframework.data.keyvalue.repository.KeyValueRepository
2025-01-18 09:29:07 [main] INFO  o.s.d.r.c.RepositoryConfigurationDelegate - Finished Spring Data repository scanning in 11 ms. Found 0 Redis repository interfaces.
2025-01-18 09:29:08 [main] INFO  o.s.b.w.e.tomcat.TomcatWebServer - Tomcat initialized with port(s): 8081 (http)
2025-01-18 09:29:08 [main] INFO  o.a.coyote.http11.Http11NioProtocol - Initializing ProtocolHandler ["http-nio-8081"]
2025-01-18 09:29:08 [main] INFO  o.a.catalina.core.StandardService - Starting service [Tomcat]
2025-01-18 09:29:08 [main] INFO  o.a.catalina.core.StandardEngine - Starting Servlet engine: [Apache Tomcat/9.0.69]
2025-01-18 09:29:09 [main] INFO  o.a.c.c.C.[.[.[/arupkhanra] - Initializing Spring embedded WebApplicationContext
2025-01-18 09:29:09 [main] INFO  o.s.b.w.s.c.ServletWebServerApplicationContext - Root WebApplicationContext: initialization completed in 3626 ms
2025-01-18 09:29:09 [main] INFO  o.h.jpa.internal.util.LogHelper - HHH000204: Processing PersistenceUnitInfo [name: default]
2025-01-18 09:29:09 [main] INFO  org.hibernate.Version - HHH000412: Hibernate ORM core version 5.6.14.Final
2025-01-18 09:29:09 [main] INFO  o.h.annotations.common.Version - HCANN000001: Hibernate Commons Annotations {5.1.2.Final}
2025-01-18 09:29:09 [main] INFO  com.zaxxer.hikari.HikariDataSource - HikariPool-1 - Starting...
2025-01-18 09:29:10 [main] INFO  com.zaxxer.hikari.HikariDataSource - HikariPool-1 - Start completed.
2025-01-18 09:29:10 [main] INFO  org.hibernate.dialect.Dialect - HHH000400: Using dialect: org.hibernate.dialect.MySQL8Dialect
2025-01-18 09:29:11 [main] INFO  o.h.e.t.j.p.i.JtaPlatformInitiator - HHH000490: Using JtaPlatform implementation: [org.hibernate.engine.transaction.jta.platform.internal.NoJtaPlatform]
2025-01-18 09:29:11 [main] INFO  o.s.o.j.LocalContainerEntityManagerFactoryBean - Initialized JPA EntityManagerFactory for persistence unit 'default'
2025-01-18 09:29:12 [main] WARN  o.h.d.function.TemplateRenderer - HHH000174: Function template anticipated 4 arguments, but 1 arguments encountered
2025-01-18 09:29:12 [main] WARN  o.s.b.a.o.j.JpaBaseConfiguration$JpaWebConfiguration - spring.jpa.open-in-view is enabled by default. Therefore, database queries may be performed during view rendering. Explicitly configure spring.jpa.open-in-view to disable this warning
2025-01-18 09:29:13 [main] INFO  o.s.s.web.DefaultSecurityFilterChain - Will secure any request with [org.springframework.security.web.session.DisableEncodeUrlFilter@3aac31b7, org.springframework.security.web.context.request.async.WebAsyncManagerIntegrationFilter@57def953, org.springframework.security.web.context.SecurityContextPersistenceFilter@77430c79, org.springframework.security.web.header.HeaderWriterFilter@40304938, org.springframework.security.web.authentication.logout.LogoutFilter@79169472, org.springframework.security.web.authentication.www.BasicAuthenticationFilter@7a90f33d, org.springframework.security.web.savedrequest.RequestCacheAwareFilter@4468ced2, org.springframework.security.web.servletapi.SecurityContextHolderAwareRequestFilter@2e7dd504, org.springframework.security.web.authentication.AnonymousAuthenticationFilter@1bf4a79b, org.springframework.security.web.session.SessionManagementFilter@1a67bcaf, org.springframework.security.web.access.ExceptionTranslationFilter@75708130, org.springframework.security.web.access.intercept.FilterSecurityInterceptor@65a01901]
2025-01-18 09:29:14 [main] INFO  o.a.coyote.http11.Http11NioProtocol - Starting ProtocolHandler ["http-nio-8081"]
2025-01-18 09:29:14 [main] INFO  o.s.b.w.e.tomcat.TomcatWebServer - Tomcat started on port(s): 8081 (http) with context path '/arupkhanra'
2025-01-18 09:29:14 [main] INFO  c.a.a.AdvanceSpringbootFeaturesAzApplication - Started AdvanceSpringbootFeaturesAzApplication in 9.625 seconds (JVM running for 10.858)
2025-01-18 09:33:22 [SpringApplicationShutdownHook] INFO  o.s.o.j.LocalContainerEntityManagerFactoryBean - Closing JPA EntityManagerFactory for persistence unit 'default'
2025-01-18 09:33:22 [SpringApplicationShutdownHook] INFO  com.zaxxer.hikari.HikariDataSource - HikariPool-1 - Shutdown initiated...
2025-01-18 09:33:22 [SpringApplicationShutdownHook] INFO  com.zaxxer.hikari.HikariDataSource - HikariPool-1 - Shutdown completed.
2025-01-18 09:33:27 [main] INFO  c.a.a.AdvanceSpringbootFeaturesAzApplication - Starting AdvanceSpringbootFeaturesAzApplication using Java 17.0.8.1 on ARUPKHANRA with PID 2064 (D:\DelyCodeBuffer\advanceSpringBootAZ\advanceSpringbootFeaturesAZ\advanceSpringbootFeaturesAZ\target\classes started by arupk in D:\DelyCodeBuffer\advanceSpringBootAZ\advanceSpringbootFeaturesAZ\advanceSpringbootFeaturesAZ)
2025-01-18 09:33:27 [main] INFO  c.a.a.AdvanceSpringbootFeaturesAzApplication - The following 1 profile is active: "dev"
2025-01-18 09:33:29 [main] INFO  o.s.d.r.c.RepositoryConfigurationDelegate - Multiple Spring Data modules found, entering strict repository configuration mode
2025-01-18 09:33:29 [main] INFO  o.s.d.r.c.RepositoryConfigurationDelegate - Bootstrapping Spring Data JPA repositories in DEFAULT mode.
2025-01-18 09:33:29 [main] INFO  o.s.d.r.c.RepositoryConfigurationDelegate - Finished Spring Data repository scanning in 230 ms. Found 2 JPA repository interfaces.
2025-01-18 09:33:29 [main] INFO  o.s.d.r.c.RepositoryConfigurationDelegate - Multiple Spring Data modules found, entering strict repository configuration mode
2025-01-18 09:33:29 [main] INFO  o.s.d.r.c.RepositoryConfigurationDelegate - Bootstrapping Spring Data Redis repositories in DEFAULT mode.
2025-01-18 09:33:29 [main] INFO  o.s.d.r.c.RepositoryConfigurationExtensionSupport - Spring Data Redis - Could not safely identify store assignment for repository candidate interface com.arupkhanra.advanceSpringbootFeaturesAZ.repository.JournalEntryRepository; If you want this repository to be a Redis repository, consider annotating your entities with one of these annotations: org.springframework.data.redis.core.RedisHash (preferred), or consider extending one of the following types with your repository: org.springframework.data.keyvalue.repository.KeyValueRepository
2025-01-18 09:33:29 [main] INFO  o.s.d.r.c.RepositoryConfigurationExtensionSupport - Spring Data Redis - Could not safely identify store assignment for repository candidate interface com.arupkhanra.advanceSpringbootFeaturesAZ.repository.UserRepository; If you want this repository to be a Redis repository, consider annotating your entities with one of these annotations: org.springframework.data.redis.core.RedisHash (preferred), or consider extending one of the following types with your repository: org.springframework.data.keyvalue.repository.KeyValueRepository
2025-01-18 09:33:29 [main] INFO  o.s.d.r.c.RepositoryConfigurationDelegate - Finished Spring Data repository scanning in 13 ms. Found 0 Redis repository interfaces.
2025-01-18 09:33:30 [main] INFO  o.s.b.w.e.tomcat.TomcatWebServer - Tomcat initialized with port(s): 8081 (http)
2025-01-18 09:33:30 [main] INFO  o.a.coyote.http11.Http11NioProtocol - Initializing ProtocolHandler ["http-nio-8081"]
2025-01-18 09:33:30 [main] INFO  o.a.catalina.core.StandardService - Starting service [Tomcat]
2025-01-18 09:33:30 [main] INFO  o.a.catalina.core.StandardEngine - Starting Servlet engine: [Apache Tomcat/9.0.69]
2025-01-18 09:33:30 [main] INFO  o.a.c.c.C.[.[.[/arupkhanra] - Initializing Spring embedded WebApplicationContext
2025-01-18 09:33:30 [main] INFO  o.s.b.w.s.c.ServletWebServerApplicationContext - Root WebApplicationContext: initialization completed in 3398 ms
2025-01-18 09:33:31 [main] INFO  o.h.jpa.internal.util.LogHelper - HHH000204: Processing PersistenceUnitInfo [name: default]
2025-01-18 09:33:31 [main] INFO  org.hibernate.Version - HHH000412: Hibernate ORM core version 5.6.14.Final
2025-01-18 09:33:31 [main] INFO  o.h.annotations.common.Version - HCANN000001: Hibernate Commons Annotations {5.1.2.Final}
2025-01-18 09:33:31 [main] INFO  com.zaxxer.hikari.HikariDataSource - HikariPool-1 - Starting...
2025-01-18 09:33:32 [main] INFO  com.zaxxer.hikari.HikariDataSource - HikariPool-1 - Start completed.
2025-01-18 09:33:32 [main] INFO  org.hibernate.dialect.Dialect - HHH000400: Using dialect: org.hibernate.dialect.MySQL8Dialect
2025-01-18 09:33:34 [main] INFO  o.h.e.t.j.p.i.JtaPlatformInitiator - HHH000490: Using JtaPlatform implementation: [org.hibernate.engine.transaction.jta.platform.internal.NoJtaPlatform]
2025-01-18 09:33:34 [main] INFO  o.s.o.j.LocalContainerEntityManagerFactoryBean - Initialized JPA EntityManagerFactory for persistence unit 'default'
2025-01-18 09:33:36 [main] WARN  o.h.d.function.TemplateRenderer - HHH000174: Function template anticipated 4 arguments, but 1 arguments encountered
2025-01-18 09:33:36 [main] WARN  o.s.b.a.o.j.JpaBaseConfiguration$JpaWebConfiguration - spring.jpa.open-in-view is enabled by default. Therefore, database queries may be performed during view rendering. Explicitly configure spring.jpa.open-in-view to disable this warning
2025-01-18 09:33:37 [main] INFO  o.s.s.web.DefaultSecurityFilterChain - Will secure any request with [org.springframework.security.web.session.DisableEncodeUrlFilter@64821706, org.springframework.security.web.context.request.async.WebAsyncManagerIntegrationFilter@8aa3013, org.springframework.security.web.context.SecurityContextPersistenceFilter@321c01c2, org.springframework.security.web.header.HeaderWriterFilter@140fa482, org.springframework.security.web.authentication.logout.LogoutFilter@24ccc91b, org.springframework.security.web.authentication.www.BasicAuthenticationFilter@3f0751b0, org.springframework.security.web.savedrequest.RequestCacheAwareFilter@79169472, org.springframework.security.web.servletapi.SecurityContextHolderAwareRequestFilter@171b0d3, org.springframework.security.web.authentication.AnonymousAuthenticationFilter@627ad446, org.springframework.security.web.session.SessionManagementFilter@7bb888b7, org.springframework.security.web.access.ExceptionTranslationFilter@5fdff4f1, org.springframework.security.web.access.intercept.FilterSecurityInterceptor@4f239a76]
2025-01-18 09:33:38 [main] INFO  o.a.coyote.http11.Http11NioProtocol - Starting ProtocolHandler ["http-nio-8081"]
2025-01-18 09:33:38 [main] INFO  o.s.b.w.e.tomcat.TomcatWebServer - Tomcat started on port(s): 8081 (http) with context path '/arupkhanra'
2025-01-18 09:33:38 [main] INFO  c.a.a.AdvanceSpringbootFeaturesAzApplication - Started AdvanceSpringbootFeaturesAzApplication in 11.241 seconds (JVM running for 12.111)
2025-01-18 09:35:27 [SpringApplicationShutdownHook] INFO  o.s.o.j.LocalContainerEntityManagerFactoryBean - Closing JPA EntityManagerFactory for persistence unit 'default'
2025-01-18 09:35:27 [SpringApplicationShutdownHook] INFO  com.zaxxer.hikari.HikariDataSource - HikariPool-1 - Shutdown initiated...
2025-01-18 09:35:27 [SpringApplicationShutdownHook] INFO  com.zaxxer.hikari.HikariDataSource - HikariPool-1 - Shutdown completed.
2025-01-18 09:35:32 [main] INFO  c.a.a.AdvanceSpringbootFeaturesAzApplication - Starting AdvanceSpringbootFeaturesAzApplication using Java 17.0.8.1 on ARUPKHANRA with PID 11276 (D:\DelyCodeBuffer\advanceSpringBootAZ\advanceSpringbootFeaturesAZ\advanceSpringbootFeaturesAZ\target\classes started by arupk in D:\DelyCodeBuffer\advanceSpringBootAZ\advanceSpringbootFeaturesAZ\advanceSpringbootFeaturesAZ)
2025-01-18 09:35:32 [main] INFO  c.a.a.AdvanceSpringbootFeaturesAzApplication - The following 1 profile is active: "dev"
2025-01-18 09:35:33 [main] INFO  o.s.d.r.c.RepositoryConfigurationDelegate - Multiple Spring Data modules found, entering strict repository configuration mode
2025-01-18 09:35:33 [main] INFO  o.s.d.r.c.RepositoryConfigurationDelegate - Bootstrapping Spring Data JPA repositories in DEFAULT mode.
2025-01-18 09:35:33 [main] INFO  o.s.d.r.c.RepositoryConfigurationDelegate - Finished Spring Data repository scanning in 175 ms. Found 2 JPA repository interfaces.
2025-01-18 09:35:34 [main] INFO  o.s.d.r.c.RepositoryConfigurationDelegate - Multiple Spring Data modules found, entering strict repository configuration mode
2025-01-18 09:35:34 [main] INFO  o.s.d.r.c.RepositoryConfigurationDelegate - Bootstrapping Spring Data Redis repositories in DEFAULT mode.
2025-01-18 09:35:34 [main] INFO  o.s.d.r.c.RepositoryConfigurationExtensionSupport - Spring Data Redis - Could not safely identify store assignment for repository candidate interface com.arupkhanra.advanceSpringbootFeaturesAZ.repository.JournalEntryRepository; If you want this repository to be a Redis repository, consider annotating your entities with one of these annotations: org.springframework.data.redis.core.RedisHash (preferred), or consider extending one of the following types with your repository: org.springframework.data.keyvalue.repository.KeyValueRepository
2025-01-18 09:35:34 [main] INFO  o.s.d.r.c.RepositoryConfigurationExtensionSupport - Spring Data Redis - Could not safely identify store assignment for repository candidate interface com.arupkhanra.advanceSpringbootFeaturesAZ.repository.UserRepository; If you want this repository to be a Redis repository, consider annotating your entities with one of these annotations: org.springframework.data.redis.core.RedisHash (preferred), or consider extending one of the following types with your repository: org.springframework.data.keyvalue.repository.KeyValueRepository
2025-01-18 09:35:34 [main] INFO  o.s.d.r.c.RepositoryConfigurationDelegate - Finished Spring Data repository scanning in 13 ms. Found 0 Redis repository interfaces.
2025-01-18 09:35:34 [main] INFO  o.s.b.w.e.tomcat.TomcatWebServer - Tomcat initialized with port(s): 8081 (http)
2025-01-18 09:35:34 [main] INFO  o.a.coyote.http11.Http11NioProtocol - Initializing ProtocolHandler ["http-nio-8081"]
2025-01-18 09:35:34 [main] INFO  o.a.catalina.core.StandardService - Starting service [Tomcat]
2025-01-18 09:35:34 [main] INFO  o.a.catalina.core.StandardEngine - Starting Servlet engine: [Apache Tomcat/9.0.69]
2025-01-18 09:35:35 [main] INFO  o.a.c.c.C.[.[.[/arupkhanra] - Initializing Spring embedded WebApplicationContext
2025-01-18 09:35:35 [main] INFO  o.s.b.w.s.c.ServletWebServerApplicationContext - Root WebApplicationContext: initialization completed in 2439 ms
2025-01-18 09:35:35 [main] INFO  o.h.jpa.internal.util.LogHelper - HHH000204: Processing PersistenceUnitInfo [name: default]
2025-01-18 09:35:35 [main] INFO  org.hibernate.Version - HHH000412: Hibernate ORM core version 5.6.14.Final
2025-01-18 09:35:35 [main] INFO  o.h.annotations.common.Version - HCANN000001: Hibernate Commons Annotations {5.1.2.Final}
2025-01-18 09:35:35 [main] INFO  com.zaxxer.hikari.HikariDataSource - HikariPool-1 - Starting...
2025-01-18 09:35:36 [main] INFO  com.zaxxer.hikari.HikariDataSource - HikariPool-1 - Start completed.
2025-01-18 09:35:36 [main] INFO  org.hibernate.dialect.Dialect - HHH000400: Using dialect: org.hibernate.dialect.MySQL8Dialect
2025-01-18 09:35:37 [main] INFO  o.h.e.t.j.p.i.JtaPlatformInitiator - HHH000490: Using JtaPlatform implementation: [org.hibernate.engine.transaction.jta.platform.internal.NoJtaPlatform]
2025-01-18 09:35:37 [main] INFO  o.s.o.j.LocalContainerEntityManagerFactoryBean - Initialized JPA EntityManagerFactory for persistence unit 'default'
2025-01-18 09:35:38 [main] WARN  o.h.d.function.TemplateRenderer - HHH000174: Function template anticipated 4 arguments, but 1 arguments encountered
2025-01-18 09:35:38 [main] WARN  o.s.b.a.o.j.JpaBaseConfiguration$JpaWebConfiguration - spring.jpa.open-in-view is enabled by default. Therefore, database queries may be performed during view rendering. Explicitly configure spring.jpa.open-in-view to disable this warning
2025-01-18 09:35:39 [main] INFO  o.s.s.web.DefaultSecurityFilterChain - Will secure any request with [org.springframework.security.web.session.DisableEncodeUrlFilter@6a887649, org.springframework.security.web.context.request.async.WebAsyncManagerIntegrationFilter@15e748b5, org.springframework.security.web.context.SecurityContextPersistenceFilter@5fdff4f1, org.springframework.security.web.header.HeaderWriterFilter@1a67bcaf, org.springframework.security.web.authentication.logout.LogoutFilter@63e4bbf9, org.springframework.security.web.authentication.www.BasicAuthenticationFilter@1ac30be4, org.springframework.security.web.savedrequest.RequestCacheAwareFilter@140fa482, org.springframework.security.web.servletapi.SecurityContextHolderAwareRequestFilter@771ede0d, org.springframework.security.web.authentication.AnonymousAuthenticationFilter@27ada0e8, org.springframework.security.web.session.SessionManagementFilter@5643052d, org.springframework.security.web.access.ExceptionTranslationFilter@f3e6876, org.springframework.security.web.access.intercept.FilterSecurityInterceptor@8a8cab8]
2025-01-18 09:35:40 [main] INFO  o.a.coyote.http11.Http11NioProtocol - Starting ProtocolHandler ["http-nio-8081"]
2025-01-18 09:35:40 [main] INFO  o.s.b.w.e.tomcat.TomcatWebServer - Tomcat started on port(s): 8081 (http) with context path '/arupkhanra'
2025-01-18 09:35:40 [main] INFO  c.a.a.AdvanceSpringbootFeaturesAzApplication - Started AdvanceSpringbootFeaturesAzApplication in 8.011 seconds (JVM running for 8.872)
2025-01-18 09:40:59 [HikariPool-1 housekeeper] WARN  com.zaxxer.hikari.pool.HikariPool - HikariPool-1 - Thread starvation or clock leap detected (housekeeper delta=1m23s312ms951µs600ns).
2025-01-18 09:44:30 [SpringApplicationShutdownHook] INFO  o.s.o.j.LocalContainerEntityManagerFactoryBean - Closing JPA EntityManagerFactory for persistence unit 'default'
2025-01-18 09:44:30 [SpringApplicationShutdownHook] INFO  com.zaxxer.hikari.HikariDataSource - HikariPool-1 - Shutdown initiated...
2025-01-18 09:44:30 [SpringApplicationShutdownHook] INFO  com.zaxxer.hikari.HikariDataSource - HikariPool-1 - Shutdown completed.
2025-01-18 09:44:36 [main] INFO  c.a.a.AdvanceSpringbootFeaturesAzApplication - Starting AdvanceSpringbootFeaturesAzApplication using Java 17.0.8.1 on ARUPKHANRA with PID 12896 (D:\DelyCodeBuffer\advanceSpringBootAZ\advanceSpringbootFeaturesAZ\advanceSpringbootFeaturesAZ\target\classes started by arupk in D:\DelyCodeBuffer\advanceSpringBootAZ\advanceSpringbootFeaturesAZ\advanceSpringbootFeaturesAZ)
2025-01-18 09:44:36 [main] INFO  c.a.a.AdvanceSpringbootFeaturesAzApplication - The following 1 profile is active: "dev"
2025-01-18 09:44:37 [main] INFO  o.s.d.r.c.RepositoryConfigurationDelegate - Multiple Spring Data modules found, entering strict repository configuration mode
2025-01-18 09:44:37 [main] INFO  o.s.d.r.c.RepositoryConfigurationDelegate - Bootstrapping Spring Data JPA repositories in DEFAULT mode.
2025-01-18 09:44:37 [main] INFO  o.s.d.r.c.RepositoryConfigurationDelegate - Finished Spring Data repository scanning in 169 ms. Found 2 JPA repository interfaces.
2025-01-18 09:44:37 [main] INFO  o.s.d.r.c.RepositoryConfigurationDelegate - Multiple Spring Data modules found, entering strict repository configuration mode
2025-01-18 09:44:37 [main] INFO  o.s.d.r.c.RepositoryConfigurationDelegate - Bootstrapping Spring Data Redis repositories in DEFAULT mode.
2025-01-18 09:44:37 [main] INFO  o.s.d.r.c.RepositoryConfigurationExtensionSupport - Spring Data Redis - Could not safely identify store assignment for repository candidate interface com.arupkhanra.advanceSpringbootFeaturesAZ.repository.JournalEntryRepository; If you want this repository to be a Redis repository, consider annotating your entities with one of these annotations: org.springframework.data.redis.core.RedisHash (preferred), or consider extending one of the following types with your repository: org.springframework.data.keyvalue.repository.KeyValueRepository
2025-01-18 09:44:37 [main] INFO  o.s.d.r.c.RepositoryConfigurationExtensionSupport - Spring Data Redis - Could not safely identify store assignment for repository candidate interface com.arupkhanra.advanceSpringbootFeaturesAZ.repository.UserRepository; If you want this repository to be a Redis repository, consider annotating your entities with one of these annotations: org.springframework.data.redis.core.RedisHash (preferred), or consider extending one of the following types with your repository: org.springframework.data.keyvalue.repository.KeyValueRepository
2025-01-18 09:44:37 [main] INFO  o.s.d.r.c.RepositoryConfigurationDelegate - Finished Spring Data repository scanning in 12 ms. Found 0 Redis repository interfaces.
2025-01-18 09:44:38 [main] INFO  o.s.b.w.e.tomcat.TomcatWebServer - Tomcat initialized with port(s): 8081 (http)
2025-01-18 09:44:38 [main] INFO  o.a.coyote.http11.Http11NioProtocol - Initializing ProtocolHandler ["http-nio-8081"]
2025-01-18 09:44:38 [main] INFO  o.a.catalina.core.StandardService - Starting service [Tomcat]
2025-01-18 09:44:38 [main] INFO  o.a.catalina.core.StandardEngine - Starting Servlet engine: [Apache Tomcat/9.0.69]
2025-01-18 09:44:38 [main] INFO  o.a.c.c.C.[.[.[/arupkhanra] - Initializing Spring embedded WebApplicationContext
2025-01-18 09:44:38 [main] INFO  o.s.b.w.s.c.ServletWebServerApplicationContext - Root WebApplicationContext: initialization completed in 2819 ms
2025-01-18 09:44:39 [main] INFO  o.h.jpa.internal.util.LogHelper - HHH000204: Processing PersistenceUnitInfo [name: default]
2025-01-18 09:44:39 [main] INFO  org.hibernate.Version - HHH000412: Hibernate ORM core version 5.6.14.Final
2025-01-18 09:44:39 [main] INFO  o.h.annotations.common.Version - HCANN000001: Hibernate Commons Annotations {5.1.2.Final}
2025-01-18 09:44:40 [main] INFO  com.zaxxer.hikari.HikariDataSource - HikariPool-1 - Starting...
2025-01-18 09:44:40 [main] INFO  com.zaxxer.hikari.HikariDataSource - HikariPool-1 - Start completed.
2025-01-18 09:44:40 [main] INFO  org.hibernate.dialect.Dialect - HHH000400: Using dialect: org.hibernate.dialect.MySQL8Dialect
2025-01-18 09:44:41 [main] INFO  o.h.e.t.j.p.i.JtaPlatformInitiator - HHH000490: Using JtaPlatform implementation: [org.hibernate.engine.transaction.jta.platform.internal.NoJtaPlatform]
2025-01-18 09:44:41 [main] INFO  o.s.o.j.LocalContainerEntityManagerFactoryBean - Initialized JPA EntityManagerFactory for persistence unit 'default'
2025-01-18 09:44:41 [main] WARN  o.h.d.function.TemplateRenderer - HHH000174: Function template anticipated 4 arguments, but 1 arguments encountered
2025-01-18 09:44:42 [main] WARN  o.s.b.a.o.j.JpaBaseConfiguration$JpaWebConfiguration - spring.jpa.open-in-view is enabled by default. Therefore, database queries may be performed during view rendering. Explicitly configure spring.jpa.open-in-view to disable this warning
2025-01-18 09:44:42 [main] INFO  o.s.s.web.DefaultSecurityFilterChain - Will secure any request with [org.springframework.security.web.session.DisableEncodeUrlFilter@2a20aa4e, org.springframework.security.web.context.request.async.WebAsyncManagerIntegrationFilter@3f7d73e3, org.springframework.security.web.context.SecurityContextPersistenceFilter@55159007, org.springframework.security.web.header.HeaderWriterFilter@63e81ac6, org.springframework.security.web.authentication.logout.LogoutFilter@764d54a0, org.springframework.security.web.authentication.www.BasicAuthenticationFilter@3b0d9da, org.springframework.security.web.savedrequest.RequestCacheAwareFilter@2a49753, org.springframework.security.web.servletapi.SecurityContextHolderAwareRequestFilter@6d7a343f, org.springframework.security.web.authentication.AnonymousAuthenticationFilter@513ddf5f, org.springframework.security.web.session.SessionManagementFilter@5481f204, org.springframework.security.web.access.ExceptionTranslationFilter@54c697c, org.springframework.security.web.access.intercept.FilterSecurityInterceptor@62fa4a88]
2025-01-18 09:44:43 [main] INFO  o.a.coyote.http11.Http11NioProtocol - Starting ProtocolHandler ["http-nio-8081"]
2025-01-18 09:44:43 [main] INFO  o.s.b.w.e.tomcat.TomcatWebServer - Tomcat started on port(s): 8081 (http) with context path '/arupkhanra'
2025-01-18 09:44:43 [main] INFO  c.a.a.AdvanceSpringbootFeaturesAzApplication - Started AdvanceSpringbootFeaturesAzApplication in 8.214 seconds (JVM running for 9.31)
2025-01-18 09:45:48 [SpringApplicationShutdownHook] INFO  o.s.o.j.LocalContainerEntityManagerFactoryBean - Closing JPA EntityManagerFactory for persistence unit 'default'
2025-01-18 09:45:48 [SpringApplicationShutdownHook] INFO  com.zaxxer.hikari.HikariDataSource - HikariPool-1 - Shutdown initiated...
2025-01-18 09:45:48 [SpringApplicationShutdownHook] INFO  com.zaxxer.hikari.HikariDataSource - HikariPool-1 - Shutdown completed.
2025-01-18 09:45:53 [main] INFO  c.a.a.AdvanceSpringbootFeaturesAzApplication - Starting AdvanceSpringbootFeaturesAzApplication using Java 17.0.8.1 on ARUPKHANRA with PID 6428 (D:\DelyCodeBuffer\advanceSpringBootAZ\advanceSpringbootFeaturesAZ\advanceSpringbootFeaturesAZ\target\classes started by arupk in D:\DelyCodeBuffer\advanceSpringBootAZ\advanceSpringbootFeaturesAZ\advanceSpringbootFeaturesAZ)
2025-01-18 09:45:53 [main] INFO  c.a.a.AdvanceSpringbootFeaturesAzApplication - The following 1 profile is active: "dev"
2025-01-18 09:45:54 [main] INFO  o.s.d.r.c.RepositoryConfigurationDelegate - Multiple Spring Data modules found, entering strict repository configuration mode
2025-01-18 09:45:54 [main] INFO  o.s.d.r.c.RepositoryConfigurationDelegate - Bootstrapping Spring Data JPA repositories in DEFAULT mode.
2025-01-18 09:45:54 [main] INFO  o.s.d.r.c.RepositoryConfigurationDelegate - Finished Spring Data repository scanning in 176 ms. Found 2 JPA repository interfaces.
2025-01-18 09:45:54 [main] INFO  o.s.d.r.c.RepositoryConfigurationDelegate - Multiple Spring Data modules found, entering strict repository configuration mode
2025-01-18 09:45:54 [main] INFO  o.s.d.r.c.RepositoryConfigurationDelegate - Bootstrapping Spring Data Redis repositories in DEFAULT mode.
2025-01-18 09:45:54 [main] INFO  o.s.d.r.c.RepositoryConfigurationExtensionSupport - Spring Data Redis - Could not safely identify store assignment for repository candidate interface com.arupkhanra.advanceSpringbootFeaturesAZ.repository.JournalEntryRepository; If you want this repository to be a Redis repository, consider annotating your entities with one of these annotations: org.springframework.data.redis.core.RedisHash (preferred), or consider extending one of the following types with your repository: org.springframework.data.keyvalue.repository.KeyValueRepository
2025-01-18 09:45:54 [main] INFO  o.s.d.r.c.RepositoryConfigurationExtensionSupport - Spring Data Redis - Could not safely identify store assignment for repository candidate interface com.arupkhanra.advanceSpringbootFeaturesAZ.repository.UserRepository; If you want this repository to be a Redis repository, consider annotating your entities with one of these annotations: org.springframework.data.redis.core.RedisHash (preferred), or consider extending one of the following types with your repository: org.springframework.data.keyvalue.repository.KeyValueRepository
2025-01-18 09:45:54 [main] INFO  o.s.d.r.c.RepositoryConfigurationDelegate - Finished Spring Data repository scanning in 22 ms. Found 0 Redis repository interfaces.
2025-01-18 09:45:56 [main] INFO  o.s.b.w.e.tomcat.TomcatWebServer - Tomcat initialized with port(s): 8081 (http)
2025-01-18 09:45:56 [main] INFO  o.a.coyote.http11.Http11NioProtocol - Initializing ProtocolHandler ["http-nio-8081"]
2025-01-18 09:45:56 [main] INFO  o.a.catalina.core.StandardService - Starting service [Tomcat]
2025-01-18 09:45:56 [main] INFO  o.a.catalina.core.StandardEngine - Starting Servlet engine: [Apache Tomcat/9.0.69]
2025-01-18 09:45:56 [main] INFO  o.a.c.c.C.[.[.[/arupkhanra] - Initializing Spring embedded WebApplicationContext
2025-01-18 09:45:56 [main] INFO  o.s.b.w.s.c.ServletWebServerApplicationContext - Root WebApplicationContext: initialization completed in 3079 ms
2025-01-18 09:45:57 [main] INFO  o.h.jpa.internal.util.LogHelper - HHH000204: Processing PersistenceUnitInfo [name: default]
2025-01-18 09:45:57 [main] INFO  org.hibernate.Version - HHH000412: Hibernate ORM core version 5.6.14.Final
2025-01-18 09:45:58 [main] INFO  o.h.annotations.common.Version - HCANN000001: Hibernate Commons Annotations {5.1.2.Final}
2025-01-18 09:45:58 [main] INFO  com.zaxxer.hikari.HikariDataSource - HikariPool-1 - Starting...
2025-01-18 09:45:59 [main] INFO  com.zaxxer.hikari.HikariDataSource - HikariPool-1 - Start completed.
2025-01-18 09:45:59 [main] INFO  org.hibernate.dialect.Dialect - HHH000400: Using dialect: org.hibernate.dialect.MySQL8Dialect
2025-01-18 09:45:59 [main] INFO  o.h.e.t.j.p.i.JtaPlatformInitiator - HHH000490: Using JtaPlatform implementation: [org.hibernate.engine.transaction.jta.platform.internal.NoJtaPlatform]
2025-01-18 09:45:59 [main] INFO  o.s.o.j.LocalContainerEntityManagerFactoryBean - Initialized JPA EntityManagerFactory for persistence unit 'default'
2025-01-18 09:46:00 [main] WARN  o.h.d.function.TemplateRenderer - HHH000174: Function template anticipated 4 arguments, but 1 arguments encountered
2025-01-18 09:46:00 [main] WARN  o.s.b.a.o.j.JpaBaseConfiguration$JpaWebConfiguration - spring.jpa.open-in-view is enabled by default. Therefore, database queries may be performed during view rendering. Explicitly configure spring.jpa.open-in-view to disable this warning
2025-01-18 09:46:01 [main] INFO  o.s.s.web.DefaultSecurityFilterChain - Will secure any request with [org.springframework.security.web.session.DisableEncodeUrlFilter@6109366a, org.springframework.security.web.context.request.async.WebAsyncManagerIntegrationFilter@4ed492df, org.springframework.security.web.context.SecurityContextPersistenceFilter@6e68ccc9, org.springframework.security.web.header.HeaderWriterFilter@7bb888b7, org.springframework.security.web.authentication.logout.LogoutFilter@52a3eba3, org.springframework.security.web.authentication.www.BasicAuthenticationFilter@6f8035d6, org.springframework.security.web.savedrequest.RequestCacheAwareFilter@63e4bbf9, org.springframework.security.web.servletapi.SecurityContextHolderAwareRequestFilter@3b9c386d, org.springframework.security.web.authentication.AnonymousAuthenticationFilter@1ae2028d, org.springframework.security.web.session.SessionManagementFilter@55159007, org.springframework.security.web.access.ExceptionTranslationFilter@45775a15, org.springframework.security.web.access.intercept.FilterSecurityInterceptor@2e845f1c]
2025-01-18 09:46:02 [main] INFO  o.a.coyote.http11.Http11NioProtocol - Starting ProtocolHandler ["http-nio-8081"]
2025-01-18 09:46:02 [main] INFO  o.s.b.w.e.tomcat.TomcatWebServer - Tomcat started on port(s): 8081 (http) with context path '/arupkhanra'
2025-01-18 09:46:02 [main] INFO  c.a.a.AdvanceSpringbootFeaturesAzApplication - Started AdvanceSpringbootFeaturesAzApplication in 9.715 seconds (JVM running for 10.56)
2025-01-18 10:10:53 [SpringApplicationShutdownHook] INFO  o.s.o.j.LocalContainerEntityManagerFactoryBean - Closing JPA EntityManagerFactory for persistence unit 'default'
2025-01-18 10:10:53 [SpringApplicationShutdownHook] INFO  com.zaxxer.hikari.HikariDataSource - HikariPool-1 - Shutdown initiated...
2025-01-18 10:10:53 [SpringApplicationShutdownHook] INFO  com.zaxxer.hikari.HikariDataSource - HikariPool-1 - Shutdown completed.
2025-01-18 10:10:57 [main] INFO  c.a.a.AdvanceSpringbootFeaturesAzApplication - Starting AdvanceSpringbootFeaturesAzApplication using Java 17.0.8.1 on ARUPKHANRA with PID 20656 (D:\DelyCodeBuffer\advanceSpringBootAZ\advanceSpringbootFeaturesAZ\advanceSpringbootFeaturesAZ\target\classes started by arupk in D:\DelyCodeBuffer\advanceSpringBootAZ\advanceSpringbootFeaturesAZ\advanceSpringbootFeaturesAZ)
2025-01-18 10:10:57 [main] INFO  c.a.a.AdvanceSpringbootFeaturesAzApplication - The following 1 profile is active: "dev"
2025-01-18 10:10:59 [main] INFO  o.s.d.r.c.RepositoryConfigurationDelegate - Multiple Spring Data modules found, entering strict repository configuration mode
2025-01-18 10:10:59 [main] INFO  o.s.d.r.c.RepositoryConfigurationDelegate - Bootstrapping Spring Data JPA repositories in DEFAULT mode.
2025-01-18 10:10:59 [main] INFO  o.s.d.r.c.RepositoryConfigurationDelegate - Finished Spring Data repository scanning in 187 ms. Found 2 JPA repository interfaces.
2025-01-18 10:10:59 [main] INFO  o.s.d.r.c.RepositoryConfigurationDelegate - Multiple Spring Data modules found, entering strict repository configuration mode
2025-01-18 10:10:59 [main] INFO  o.s.d.r.c.RepositoryConfigurationDelegate - Bootstrapping Spring Data Redis repositories in DEFAULT mode.
2025-01-18 10:10:59 [main] INFO  o.s.d.r.c.RepositoryConfigurationExtensionSupport - Spring Data Redis - Could not safely identify store assignment for repository candidate interface com.arupkhanra.advanceSpringbootFeaturesAZ.repository.JournalEntryRepository; If you want this repository to be a Redis repository, consider annotating your entities with one of these annotations: org.springframework.data.redis.core.RedisHash (preferred), or consider extending one of the following types with your repository: org.springframework.data.keyvalue.repository.KeyValueRepository
2025-01-18 10:10:59 [main] INFO  o.s.d.r.c.RepositoryConfigurationExtensionSupport - Spring Data Redis - Could not safely identify store assignment for repository candidate interface com.arupkhanra.advanceSpringbootFeaturesAZ.repository.UserRepository; If you want this repository to be a Redis repository, consider annotating your entities with one of these annotations: org.springframework.data.redis.core.RedisHash (preferred), or consider extending one of the following types with your repository: org.springframework.data.keyvalue.repository.KeyValueRepository
2025-01-18 10:10:59 [main] INFO  o.s.d.r.c.RepositoryConfigurationDelegate - Finished Spring Data repository scanning in 13 ms. Found 0 Redis repository interfaces.
2025-01-18 10:11:00 [main] INFO  o.s.b.w.e.tomcat.TomcatWebServer - Tomcat initialized with port(s): 8081 (http)
2025-01-18 10:11:00 [main] INFO  o.a.coyote.http11.Http11NioProtocol - Initializing ProtocolHandler ["http-nio-8081"]
2025-01-18 10:11:00 [main] INFO  o.a.catalina.core.StandardService - Starting service [Tomcat]
2025-01-18 10:11:00 [main] INFO  o.a.catalina.core.StandardEngine - Starting Servlet engine: [Apache Tomcat/9.0.69]
2025-01-18 10:11:00 [main] INFO  o.a.c.c.C.[.[.[/arupkhanra] - Initializing Spring embedded WebApplicationContext
2025-01-18 10:11:00 [main] INFO  o.s.b.w.s.c.ServletWebServerApplicationContext - Root WebApplicationContext: initialization completed in 3008 ms
2025-01-18 10:11:01 [main] INFO  o.h.jpa.internal.util.LogHelper - HHH000204: Processing PersistenceUnitInfo [name: default]
2025-01-18 10:11:01 [main] INFO  org.hibernate.Version - HHH000412: Hibernate ORM core version 5.6.14.Final
2025-01-18 10:11:01 [main] INFO  o.h.annotations.common.Version - HCANN000001: Hibernate Commons Annotations {5.1.2.Final}
2025-01-18 10:11:01 [main] INFO  com.zaxxer.hikari.HikariDataSource - HikariPool-1 - Starting...
2025-01-18 10:11:02 [main] INFO  com.zaxxer.hikari.HikariDataSource - HikariPool-1 - Start completed.
2025-01-18 10:11:02 [main] INFO  org.hibernate.dialect.Dialect - HHH000400: Using dialect: org.hibernate.dialect.MySQL8Dialect
2025-01-18 10:11:03 [main] INFO  o.h.e.t.j.p.i.JtaPlatformInitiator - HHH000490: Using JtaPlatform implementation: [org.hibernate.engine.transaction.jta.platform.internal.NoJtaPlatform]
2025-01-18 10:11:03 [main] INFO  o.s.o.j.LocalContainerEntityManagerFactoryBean - Initialized JPA EntityManagerFactory for persistence unit 'default'
2025-01-18 10:11:04 [main] WARN  o.h.d.function.TemplateRenderer - HHH000174: Function template anticipated 4 arguments, but 1 arguments encountered
2025-01-18 10:11:04 [main] WARN  o.s.b.a.o.j.JpaBaseConfiguration$JpaWebConfiguration - spring.jpa.open-in-view is enabled by default. Therefore, database queries may be performed during view rendering. Explicitly configure spring.jpa.open-in-view to disable this warning
2025-01-18 10:11:05 [main] INFO  o.s.s.web.DefaultSecurityFilterChain - Will secure any request with [org.springframework.security.web.session.DisableEncodeUrlFilter@3f7d73e3, org.springframework.security.web.context.request.async.WebAsyncManagerIntegrationFilter@513ddf5f, org.springframework.security.web.context.SecurityContextPersistenceFilter@edf4973, org.springframework.security.web.header.HeaderWriterFilter@45775a15, org.springframework.security.web.authentication.logout.LogoutFilter@78c91d2a, org.springframework.security.web.authentication.www.BasicAuthenticationFilter@5ac35b17, org.springframework.security.web.savedrequest.RequestCacheAwareFilter@6e68ccc9, org.springframework.security.web.servletapi.SecurityContextHolderAwareRequestFilter@5d2bfc9f, org.springframework.security.web.authentication.AnonymousAuthenticationFilter@6109366a, org.springframework.security.web.session.SessionManagementFilter@171b0d3, org.springframework.security.web.access.ExceptionTranslationFilter@62075e3d, org.springframework.security.web.access.intercept.FilterSecurityInterceptor@4b6942a0]
2025-01-18 10:11:06 [main] INFO  o.a.coyote.http11.Http11NioProtocol - Starting ProtocolHandler ["http-nio-8081"]
2025-01-18 10:11:06 [main] INFO  o.s.b.w.e.tomcat.TomcatWebServer - Tomcat started on port(s): 8081 (http) with context path '/arupkhanra'
2025-01-18 10:11:06 [main] INFO  c.a.a.AdvanceSpringbootFeaturesAzApplication - Started AdvanceSpringbootFeaturesAzApplication in 8.92 seconds (JVM running for 9.762)
2025-01-18 10:31:04 [SpringApplicationShutdownHook] INFO  o.s.o.j.LocalContainerEntityManagerFactoryBean - Closing JPA EntityManagerFactory for persistence unit 'default'
2025-01-18 10:31:04 [SpringApplicationShutdownHook] INFO  com.zaxxer.hikari.HikariDataSource - HikariPool-1 - Shutdown initiated...
2025-01-18 10:31:04 [SpringApplicationShutdownHook] INFO  com.zaxxer.hikari.HikariDataSource - HikariPool-1 - Shutdown completed.
2025-01-18 10:31:12 [main] INFO  c.a.a.AdvanceSpringbootFeaturesAzApplication - Starting AdvanceSpringbootFeaturesAzApplication using Java 17.0.8.1 on ARUPKHANRA with PID 24548 (D:\DelyCodeBuffer\advanceSpringBootAZ\advanceSpringbootFeaturesAZ\advanceSpringbootFeaturesAZ\target\classes started by arupk in D:\DelyCodeBuffer\advanceSpringBootAZ\advanceSpringbootFeaturesAZ\advanceSpringbootFeaturesAZ)
2025-01-18 10:31:12 [main] INFO  c.a.a.AdvanceSpringbootFeaturesAzApplication - The following 1 profile is active: "dev"
2025-01-18 10:31:13 [main] INFO  o.s.d.r.c.RepositoryConfigurationDelegate - Multiple Spring Data modules found, entering strict repository configuration mode
2025-01-18 10:31:13 [main] INFO  o.s.d.r.c.RepositoryConfigurationDelegate - Bootstrapping Spring Data JPA repositories in DEFAULT mode.
2025-01-18 10:31:13 [main] INFO  o.s.d.r.c.RepositoryConfigurationDelegate - Finished Spring Data repository scanning in 180 ms. Found 2 JPA repository interfaces.
2025-01-18 10:31:13 [main] INFO  o.s.d.r.c.RepositoryConfigurationDelegate - Multiple Spring Data modules found, entering strict repository configuration mode
2025-01-18 10:31:13 [main] INFO  o.s.d.r.c.RepositoryConfigurationDelegate - Bootstrapping Spring Data Redis repositories in DEFAULT mode.
2025-01-18 10:31:13 [main] INFO  o.s.d.r.c.RepositoryConfigurationExtensionSupport - Spring Data Redis - Could not safely identify store assignment for repository candidate interface com.arupkhanra.advanceSpringbootFeaturesAZ.repository.JournalEntryRepository; If you want this repository to be a Redis repository, consider annotating your entities with one of these annotations: org.springframework.data.redis.core.RedisHash (preferred), or consider extending one of the following types with your repository: org.springframework.data.keyvalue.repository.KeyValueRepository
2025-01-18 10:31:13 [main] INFO  o.s.d.r.c.RepositoryConfigurationExtensionSupport - Spring Data Redis - Could not safely identify store assignment for repository candidate interface com.arupkhanra.advanceSpringbootFeaturesAZ.repository.UserRepository; If you want this repository to be a Redis repository, consider annotating your entities with one of these annotations: org.springframework.data.redis.core.RedisHash (preferred), or consider extending one of the following types with your repository: org.springframework.data.keyvalue.repository.KeyValueRepository
2025-01-18 10:31:13 [main] INFO  o.s.d.r.c.RepositoryConfigurationDelegate - Finished Spring Data repository scanning in 11 ms. Found 0 Redis repository interfaces.
2025-01-18 10:31:14 [main] INFO  o.s.b.w.e.tomcat.TomcatWebServer - Tomcat initialized with port(s): 8081 (http)
2025-01-18 10:31:14 [main] INFO  o.a.coyote.http11.Http11NioProtocol - Initializing ProtocolHandler ["http-nio-8081"]
2025-01-18 10:31:14 [main] INFO  o.a.catalina.core.StandardService - Starting service [Tomcat]
2025-01-18 10:31:14 [main] INFO  o.a.catalina.core.StandardEngine - Starting Servlet engine: [Apache Tomcat/9.0.69]
2025-01-18 10:31:14 [main] INFO  o.a.c.c.C.[.[.[/arupkhanra] - Initializing Spring embedded WebApplicationContext
2025-01-18 10:31:14 [main] INFO  o.s.b.w.s.c.ServletWebServerApplicationContext - Root WebApplicationContext: initialization completed in 2853 ms
2025-01-18 10:31:15 [main] INFO  o.h.jpa.internal.util.LogHelper - HHH000204: Processing PersistenceUnitInfo [name: default]
2025-01-18 10:31:15 [main] INFO  org.hibernate.Version - HHH000412: Hibernate ORM core version 5.6.14.Final
2025-01-18 10:31:15 [main] INFO  o.h.annotations.common.Version - HCANN000001: Hibernate Commons Annotations {5.1.2.Final}
2025-01-18 10:31:15 [main] INFO  com.zaxxer.hikari.HikariDataSource - HikariPool-1 - Starting...
2025-01-18 10:31:16 [main] INFO  com.zaxxer.hikari.HikariDataSource - HikariPool-1 - Start completed.
2025-01-18 10:31:16 [main] INFO  org.hibernate.dialect.Dialect - HHH000400: Using dialect: org.hibernate.dialect.MySQL8Dialect
2025-01-18 10:31:17 [main] INFO  o.h.e.t.j.p.i.JtaPlatformInitiator - HHH000490: Using JtaPlatform implementation: [org.hibernate.engine.transaction.jta.platform.internal.NoJtaPlatform]
2025-01-18 10:31:17 [main] INFO  o.s.o.j.LocalContainerEntityManagerFactoryBean - Initialized JPA EntityManagerFactory for persistence unit 'default'
2025-01-18 10:31:18 [main] WARN  o.h.d.function.TemplateRenderer - HHH000174: Function template anticipated 4 arguments, but 1 arguments encountered
2025-01-18 10:31:18 [main] WARN  o.s.b.a.o.j.JpaBaseConfiguration$JpaWebConfiguration - spring.jpa.open-in-view is enabled by default. Therefore, database queries may be performed during view rendering. Explicitly configure spring.jpa.open-in-view to disable this warning
2025-01-18 10:31:19 [main] INFO  o.s.s.web.DefaultSecurityFilterChain - Will secure any request with [org.springframework.security.web.session.DisableEncodeUrlFilter@30b075b9, org.springframework.security.web.context.request.async.WebAsyncManagerIntegrationFilter@510e0dd2, org.springframework.security.web.context.SecurityContextPersistenceFilter@29767156, org.springframework.security.web.header.HeaderWriterFilter@2a49753, org.springframework.security.web.authentication.logout.LogoutFilter@219ec4b6, org.springframework.security.web.authentication.www.BasicAuthenticationFilter@34f2d3a6, org.springframework.security.web.savedrequest.RequestCacheAwareFilter@60493524, org.springframework.security.web.servletapi.SecurityContextHolderAwareRequestFilter@3b8c15de, org.springframework.security.web.authentication.AnonymousAuthenticationFilter@54a98358, org.springframework.security.web.session.SessionManagementFilter@71b6edfb, org.springframework.security.web.access.ExceptionTranslationFilter@55159007, org.springframework.security.web.access.intercept.FilterSecurityInterceptor@77feca04]
2025-01-18 10:31:20 [main] INFO  o.a.coyote.http11.Http11NioProtocol - Starting ProtocolHandler ["http-nio-8081"]
2025-01-18 10:31:20 [main] INFO  o.s.b.w.e.tomcat.TomcatWebServer - Tomcat started on port(s): 8081 (http) with context path '/arupkhanra'
2025-01-18 10:31:20 [main] INFO  c.a.a.AdvanceSpringbootFeaturesAzApplication - Started AdvanceSpringbootFeaturesAzApplication in 8.625 seconds (JVM running for 9.505)
2025-01-18 18:03:06 [HikariPool-1 housekeeper] WARN  com.zaxxer.hikari.pool.HikariPool - HikariPool-1 - Thread starvation or clock leap detected (housekeeper delta=6h16m14s809ms152µs100ns).
2025-01-18 21:07:01 [SpringApplicationShutdownHook] INFO  o.s.o.j.LocalContainerEntityManagerFactoryBean - Closing JPA EntityManagerFactory for persistence unit 'default'
2025-01-18 21:07:01 [SpringApplicationShutdownHook] INFO  com.zaxxer.hikari.HikariDataSource - HikariPool-1 - Shutdown initiated...
2025-01-18 21:07:01 [SpringApplicationShutdownHook] INFO  com.zaxxer.hikari.HikariDataSource - HikariPool-1 - Shutdown completed.
